Using pre-set license
Built from '2020.2/staging' branch; Version is '2020.2.7f1 (c53830e277f1) revision 12924976'; Using compiler version '192528614'; Build Type 'Release'
OS: 'Windows 10 Enterprise; OS build 19042.572; Version 2009; 64bit' Language: 'en' Physical Memory: 8139 MB
BatchMode: 1, IsHumanControllingUs: 0, StartBugReporterOnCrash: 0, Is64bit: 1, IsPro: 0

 COMMAND LINE ARGUMENTS:
C:\Program Files\Unity\Editor\Unity.exe
-adb2
-batchMode
-noUpm
-name
AssetImportWorker0
-projectPath
C:/Users/MohammadAmin/Documents/GitHub/asdf1388/My project
-logFile
Logs/AssetImportWorker0.log
-srvPort
5744
Successfully changed project path to: C:/Users/MohammadAmin/Documents/GitHub/asdf1388/My project
C:/Users/MohammadAmin/Documents/GitHub/asdf1388/My project
Using Asset Import Pipeline V2.
Refreshing native plugins compatible for Editor in 66.74 ms, found 1 plugins.
Preloading 0 native plugins for Editor in 0.00 ms.
Initialize engine version: 2020.2.7f1 (c53830e277f1)
[Subsystems] Discovering subsystems at path C:/Program Files/Unity/Editor/Data/Resources/UnitySubsystems
[Subsystems] Discovering subsystems at path C:/Users/MohammadAmin/Documents/GitHub/asdf1388/My project/Assets
GfxDevice: creating device client; threaded=0
Direct3D:
    Version:  Direct3D 11.0 [level 10.1]
    Renderer: Intel(R) HD Graphics 3000 (ID=0x126)
    Vendor:   
    VRAM:     128 MB
    Driver:   9.17.10.4459
Initialize mono
Mono path[0] = 'C:/Program Files/Unity/Editor/Data/Managed'
Mono path[1] = 'C:/Program Files/Unity/Editor/Data/MonoBleedingEdge/lib/mono/unityjit'
Mono config path = 'C:/Program Files/Unity/Editor/Data/MonoBleedingEdge/etc'
Using monoOptions --debugger-agent=transport=dt_socket,embedding=1,server=y,suspend=n,address=127.0.0.1:56984
Begin MonoManager ReloadAssembly
Registering precompiled unity dll's ...
Register platform support module: C:/Program Files/Unity/Editor/Data/PlaybackEngines/WindowsStandaloneSupport/UnityEditor.WindowsStandalone.Extensions.dll
Registered in 0.003979 seconds.
Native extension for WindowsStandalone target not found
Refreshing native plugins compatible for Editor in 68.19 ms, found 1 plugins.
Preloading 0 native plugins for Editor in 0.00 ms.
Invoked RoslynAnalysisRunner static constructor.
RoslynAnalysisRunner will not be running.
RoslynAnalysisRunner has terminated.
Mono: successfully reloaded assembly
- Completed reload, in  3.608 seconds
Platform modules already initialized, skipping
Registering precompiled user dll's ...
Registered in 0.002540 seconds.
Begin MonoManager ReloadAssembly
Native extension for WindowsStandalone target not found
Refreshing native plugins compatible for Editor in 58.95 ms, found 1 plugins.
Preloading 0 native plugins for Editor in 0.00 ms.
Invoked RoslynAnalysisRunner static constructor.
RoslynAnalysisRunner will not be running.
RoslynAnalysisRunner has terminated.
Mono: successfully reloaded assembly
- Completed reload, in  1.874 seconds
Platform modules already initialized, skipping
========================================================================
Worker process is ready to serve import requests
Launched and connected shader compiler UnityShaderCompiler.exe after 0.06 seconds
Refreshing native plugins compatible for Editor in 0.51 ms, found 1 plugins.
Preloading 0 native plugins for Editor in 0.00 ms.
Unloading 1806 Unused Serialized files (Serialized files now loaded: 0)
System memory in use before: 84.6 MB.
System memory in use after: 84.7 MB.

Unloading 19 unused Assets to reduce memory usage. Loaded Objects now: 2253.
Total: 3.499900 ms (FindLiveObjects: 0.352900 ms CreateObjectMapping: 0.108900 ms MarkObjects: 2.913300 ms  DeleteObjects: 0.122000 ms)

========================================================================
Received Import Request.
  path: Assets
  artifactKey: Guid(00000000000000001000000000000000) Importer(815301076,1909f56bfc062723c751e8b465ee728b)
Start importing Assets using Guid(00000000000000001000000000000000) Importer(815301076,1909f56bfc062723c751e8b465ee728b)  -> (artifact id: 'f89434ac489deb914593f829e0a47671') in 0.013420 seconds
  Import took 0.017828 seconds .

========================================================================
Received Import Request.
  Time since last request: 0.108173 seconds.
  path: Assets/amir
  artifactKey: Guid(5b3fc1d72c7459d4788accb5afe03729) Importer(815301076,1909f56bfc062723c751e8b465ee728b)
Start importing Assets/amir using Guid(5b3fc1d72c7459d4788accb5afe03729) Importer(815301076,1909f56bfc062723c751e8b465ee728b)  -> (artifact id: '3a8dbcad6db6e6680c4e9bbe49aa496d') in 0.009264 seconds
  Import took 0.014778 seconds .

========================================================================
Received Import Request.
  Time since last request: 21.801248 seconds.
  path: Assets/amir/3_11zon.jpg
  artifactKey: Guid(39983442986b469498683b2924253132) Importer(815301076,1909f56bfc062723c751e8b465ee728b)
Start importing Assets/amir/3_11zon.jpg using Guid(39983442986b469498683b2924253132) Importer(815301076,1909f56bfc062723c751e8b465ee728b)  -> (artifact id: '80199e51d35164d77e5abc1ff8a6edad') in 0.216630 seconds
  Import took 0.227177 seconds .

AssetImportWorkerClient::OnTransportError - code=2 error=End of file
